Change Component Designator: OldDesignator=Alimentacion NewDesignator=Alimentacion1
Change Component Designator: OldDesignator=Inputs NewDesignator=Inputs1
Change Component Designator: OldDesignator=Vout NewDesignator=Vout1
Added Component: Designator=C2(CAP200)
Add component. Clean all parameters for all variants
Added Component: Designator=C3(CAP200)
Add component. Clean all parameters for all variants
Added Component: Designator=C4(CAP200)
Add component. Clean all parameters for all variants
Added Pin To Net: NetName=VCC Pin=C2-1
Added Pin To Net: NetName=GND Pin=C2-2
Added Pin To Net: NetName=VCC Pin=C3-1
Added Pin To Net: NetName=GND Pin=C3-2
Added Pin To Net: NetName=VCC Pin=C4-1
Added Pin To Net: NetName=GND Pin=C4-2
Added Pin To Net: NetName=VCC Pin=U2-7
Added Pin To Net: NetName=VDD Pin=U2-14
Added Member To Class: ClassName=ej_2 Member=Component C2 CAP
Added Member To Class: ClassName=ej_2 Member=Component C3 CAP
Added Member To Class: ClassName=ej_2 Member=Component C4 CAP
Added Room: Name=ej_2
