Added Component: Designator=DZ1(DO41)
Add component. Clean all parameters for all variants
Added Component: Designator=DZ2(DO41)
Add component. Clean all parameters for all variants
Added Component: Designator=DZ3(DO41)
Add component. Clean all parameters for all variants
Added Component: Designator=J1(SIP2)
Add component. Clean all parameters for all variants
Added Component: Designator=J2(SIP6)
Add component. Clean all parameters for all variants
Added Component: Designator=R1(0805)
Add component. Clean all parameters for all variants
Added Component: Designator=R2(0805)
Add component. Clean all parameters for all variants
Added Component: Designator=R3(0805)
Add component. Clean all parameters for all variants
Added Component: Designator=R4(0805)
Add component. Clean all parameters for all variants
Added Component: Designator=R5(0805)
Add component. Clean all parameters for all variants
Added Component: Designator=T1(TO92)
Add component. Clean all parameters for all variants
Added Component: Designator=U1(*DIP254P762X508-14)
Add component. Clean all parameters for all variants
Add component (AddParameter): Name = "Availability"; Value = "Unavailable"; VariantName = "[No Variations]"
Add component (AddParameter): Name = "MF"; Value = "Texas Instruments"; VariantName = "[No Variations]"
Add component (AddParameter): Name = "MP"; Value = "SN74HC08N"; VariantName = "[No Variations]"
Add component (AddParameter): Name = "Package"; Value = "PDIP-14 Signetics"; VariantName = "[No Variations]"
Add component (AddParameter): Name = "Price"; Value = "None"; VariantName = "[No Variations]"
Add component (AddParameter): Name = "SnapEDA_Link"; Value = "https://www.snapeda.com/parts/SN74HC08N/Texas%20Instruments/view-part/?ref=snap"; VariantName = "[No Variations]"
Add component (AddParameter): Name = "Value"; Value = ""; VariantName = "[No Variations]"
Added Component: Designator=U2(*DIP254P762X508-14)
Add component. Clean all parameters for all variants
Add component (AddParameter): Name = "Availability"; Value = "Unavailable"; VariantName = "[No Variations]"
Add component (AddParameter): Name = "MF"; Value = "Texas"; VariantName = "[No Variations]"
Add component (AddParameter): Name = "MP"; Value = "CD4013BE"; VariantName = "[No Variations]"
Add component (AddParameter): Name = "Package"; Value = "DIP-14 RCA"; VariantName = "[No Variations]"
Add component (AddParameter): Name = "Price"; Value = "None"; VariantName = "[No Variations]"
Add component (AddParameter): Name = "SnapEDA_Link"; Value = "https://www.snapeda.com/parts/CD4013BE/Texas%20Instruments/view-part/?ref=snap"; VariantName = "[No Variations]"
Add component (AddParameter): Name = "Value"; Value = ""; VariantName = "[No Variations]"
Added Component: Designator=U3(*DIP254P762X508-14)
Add component. Clean all parameters for all variants
Add component (AddParameter): Name = "Availability"; Value = "Unavailable"; VariantName = "[No Variations]"
Add component (AddParameter): Name = "MF"; Value = "Texas Instruments"; VariantName = "[No Variations]"
Add component (AddParameter): Name = "MP"; Value = "SN74HC02N"; VariantName = "[No Variations]"
Add component (AddParameter): Name = "Package"; Value = "DIP-14 Texas Instruments"; VariantName = "[No Variations]"
Add component (AddParameter): Name = "Price"; Value = "None"; VariantName = "[No Variations]"
Add component (AddParameter): Name = "SnapEDA_Link"; Value = "https://www.snapeda.com/parts/SN74HC02N/Texas%20Instruments/view-part/?ref=snap"; VariantName = "[No Variations]"
Add component (AddParameter): Name = "Value"; Value = ""; VariantName = "[No Variations]"
Added Pin To Net: NetName=-y2 Pin=U1-10
Added Pin To Net: NetName=-y2 Pin=U2-12
Added Net: Name=-y2
Added Pin To Net: NetName=3V3 Pin=DZ1-2
Added Pin To Net: NetName=3V3 Pin=R1-2
Added Pin To Net: NetName=3V3 Pin=R3-2
Added Pin To Net: NetName=3V3 Pin=U1-14
Added Pin To Net: NetName=3V3 Pin=U2-14
Added Pin To Net: NetName=3V3 Pin=U3-14
Added Net: Name=3V3
Added Pin To Net: NetName=5V Pin=J2-6
Added Pin To Net: NetName=5V Pin=R2-2
Added Pin To Net: NetName=5V Pin=R3-1
Added Net: Name=5V
Added Pin To Net: NetName=CLK(5V) Pin=J2-4
Added Pin To Net: NetName=CLK(5V) Pin=R5-1
Added Net: Name=CLK(5V)
Added Pin To Net: NetName=CLK Pin=DZ3-2
Added Pin To Net: NetName=CLK Pin=R5-2
Added Pin To Net: NetName=CLK Pin=U2-3
Added Pin To Net: NetName=CLK Pin=U2-11
Added Net: Name=CLK
Added Pin To Net: NetName=GND' Pin=DZ1-1
Added Pin To Net: NetName=GND' Pin=DZ2-1
Added Pin To Net: NetName=GND' Pin=DZ3-1
Added Pin To Net: NetName=GND' Pin=J1-1
Added Pin To Net: NetName=GND' Pin=J2-1
Added Pin To Net: NetName=GND' Pin=J2-2
Added Pin To Net: NetName=GND' Pin=J2-3
Added Pin To Net: NetName=GND' Pin=U1-7
Added Pin To Net: NetName=GND' Pin=U1-12
Added Pin To Net: NetName=GND' Pin=U1-13
Added Pin To Net: NetName=GND' Pin=U2-4
Added Pin To Net: NetName=GND' Pin=U2-6
Added Pin To Net: NetName=GND' Pin=U2-7
Added Pin To Net: NetName=GND' Pin=U2-8
Added Pin To Net: NetName=GND' Pin=U2-10
Added Pin To Net: NetName=GND' Pin=U3-7
Added Pin To Net: NetName=GND' Pin=U3-11
Added Pin To Net: NetName=GND' Pin=U3-12
Added Net: Name=GND'
Added Pin To Net: NetName=NetR1_1 Pin=R1-1
Added Pin To Net: NetName=NetR1_1 Pin=T1-1
Added Net: Name=NetR1_1
Added Pin To Net: NetName=NetU1_2 Pin=U1-2
Added Pin To Net: NetName=NetU1_2 Pin=U3-1
Added Net: Name=NetU1_2
Added Pin To Net: NetName=NetU1_5 Pin=U1-5
Added Pin To Net: NetName=NetU1_5 Pin=U3-4
Added Net: Name=NetU1_5
Added Pin To Net: NetName=NetU3_5 Pin=U3-5
Added Pin To Net: NetName=NetU3_5 Pin=U3-6
Added Pin To Net: NetName=NetU3_5 Pin=U3-10
Added Net: Name=NetU3_5
Added Pin To Net: NetName=W(5V) Pin=J2-5
Added Pin To Net: NetName=W(5V) Pin=R4-1
Added Net: Name=W(5V)
Added Pin To Net: NetName=W Pin=DZ2-2
Added Pin To Net: NetName=W Pin=R4-2
Added Pin To Net: NetName=W Pin=U1-1
Added Pin To Net: NetName=W Pin=U1-4
Added Net: Name=W
Added Pin To Net: NetName=y1 Pin=U1-9
Added Pin To Net: NetName=y1 Pin=U2-1
Added Pin To Net: NetName=y1 Pin=U2-5
Added Pin To Net: NetName=y1 Pin=U3-2
Added Pin To Net: NetName=y1 Pin=U3-8
Added Net: Name=y1
Added Pin To Net: NetName=y2 Pin=U2-9
Added Pin To Net: NetName=y2 Pin=U2-13
Added Pin To Net: NetName=y2 Pin=U3-3
Added Pin To Net: NetName=y2 Pin=U3-9
Added Net: Name=y2
Added Pin To Net: NetName=Z(5V) Pin=J1-2
Added Pin To Net: NetName=Z(5V) Pin=R2-1
Added Pin To Net: NetName=Z(5V) Pin=T1-2
Added Net: Name=Z(5V)
Added Pin To Net: NetName=Z Pin=T1-3
Added Pin To Net: NetName=Z Pin=U1-8
Added Net: Name=Z
Added Class: Name=Casing
Added Class: Name=U_FSM
Added Room: Name=Casing
Added Room: Name=U_FSM
