#! /usr/local/iverilog/bin/vvp
:ivl_version "11.0 (devel)" "(s20150603-642-g3bdb50da)";
:ivl_delay_selection "TYPICAL";
:vpi_time_precision - 4;
:vpi_module "system";
:vpi_module "vhdl_sys";
:vpi_module "vhdl_textio";
:vpi_module "v2005_math";
:vpi_module "va_math";
S_000000000086b840 .scope module, "test" "test" 2 1;
 .timescale 0 0;
v0000000000873c40_0 .var "I", 0 0;
v0000000000873e20_0 .net "P1", 0 0, L_0000000000874470;  1 drivers
v00000000008d5960_0 .net "P2", 0 0, L_00000000008791f0;  1 drivers
v00000000008d5a00_0 .var "S", 0 0;
S_000000000086bc20 .scope module, "ej1" "PumpsControl" 2 5, 3 2 0, S_000000000086b840;
 .timescale -4 -4;
    .port_info 0 /INPUT 1 "I";
    .port_info 1 /INPUT 1 "S";
    .port_info 2 /OUTPUT 1 "P1";
    .port_info 3 /OUTPUT 1 "P2";
L_00000000008797f0 .functor NOR 1, v0000000000878fc0_0, v00000000008740a0_0, C4<0>, C4<0>;
L_0000000000874390 .functor NOT 1, v00000000008740a0_0, C4<0>, C4<0>, C4<0>;
L_0000000000874400 .functor AND 1, L_0000000000874390, v0000000000878fc0_0, C4<1>, C4<1>;
L_0000000000874470 .functor OR 1, L_00000000008797f0, v0000000000842d20_0, C4<0>, C4<0>;
L_00000000008791f0 .functor OR 1, L_00000000008797f0, v0000000000842dc0_0, C4<0>, C4<0>;
v0000000000873560_0 .net "Both", 0 0, L_00000000008797f0;  1 drivers
v0000000000873ba0_0 .net "DM1", 0 0, v0000000000842d20_0;  1 drivers
v0000000000873380_0 .net "DM2", 0 0, v0000000000842dc0_0;  1 drivers
v0000000000874140_0 .net "I", 0 0, v0000000000873c40_0;  1 drivers
v0000000000873880_0 .net "P1", 0 0, L_0000000000874470;  alias, 1 drivers
v0000000000873420_0 .net "P2", 0 0, L_00000000008791f0;  alias, 1 drivers
v0000000000873f60_0 .net "S", 0 0, v00000000008d5a00_0;  1 drivers
v0000000000874000_0 .net "Toggle", 0 0, L_0000000000874400;  1 drivers
v0000000000873920_0 .net "clk", 0 0, v000000000086bf40_0;  1 drivers
v0000000000873a60_0 .var "false", 0 0;
v00000000008734c0_0 .net "selLine", 0 0, v0000000000873240_0;  1 drivers
v0000000000873600_0 .var "true", 0 0;
v00000000008736a0_0 .net "y1", 0 0, v0000000000878fc0_0;  1 drivers
v0000000000873b00_0 .net "y2", 0 0, v00000000008740a0_0;  1 drivers
v0000000000873ce0_0 .net "y22", 0 0, L_0000000000874390;  1 drivers
S_000000000086bdb0 .scope module, "Clockers" "clock_gen" 3 18, 4 2 0, S_000000000086bc20;
 .timescale -4 -4;
    .port_info 0 /OUTPUT 1 "clk";
P_0000000000867ba0 .param/l "PERIOD" 0 4 4, +C4<00000000000000000000000000000010>;
v000000000086bf40_0 .var "clk", 0 0;
S_000000000087f2d0 .scope begin, "CLOCK_DRIVER" "CLOCK_DRIVER" 4 9, 4 9 0, S_000000000086bdb0;
 .timescale -4 -4;
S_000000000087f460 .scope module, "DM" "demux" 3 28, 5 1 0, S_000000000086bc20;
 .timescale 0 0;
    .port_info 0 /INPUT 1 "Data_in";
    .port_info 1 /INPUT 1 "sel";
    .port_info 2 /OUTPUT 1 "Data_out_0";
    .port_info 3 /OUTPUT 1 "Data_out_1";
v000000000087f5f0_0 .net "Data_in", 0 0, L_0000000000874400;  alias, 1 drivers
v0000000000842d20_0 .var "Data_out_0", 0 0;
v0000000000842dc0_0 .var "Data_out_1", 0 0;
v0000000000842e60_0 .net "sel", 0 0, v0000000000873240_0;  alias, 1 drivers
E_00000000008683e0 .event edge, v0000000000842e60_0, v000000000087f5f0_0;
S_0000000000842f00 .scope module, "FFD1" "RisingEdge_DFlipFlop" 3 21, 6 1 0, S_000000000086bc20;
 .timescale 0 0;
    .port_info 0 /INPUT 1 "D";
    .port_info 1 /INPUT 1 "clk";
    .port_info 2 /OUTPUT 1 "Q";
v0000000000843090_0 .net "D", 0 0, v0000000000873c40_0;  alias, 1 drivers
v0000000000878fc0_0 .var "Q", 0 0;
v00000000008737e0_0 .net "clk", 0 0, v000000000086bf40_0;  alias, 1 drivers
E_00000000008681e0 .event posedge, v000000000086bf40_0;
S_0000000000874200 .scope module, "FFD2" "RisingEdge_DFlipFlop" 3 22, 6 1 0, S_000000000086bc20;
 .timescale 0 0;
    .port_info 0 /INPUT 1 "D";
    .port_info 1 /INPUT 1 "clk";
    .port_info 2 /OUTPUT 1 "Q";
v0000000000873ec0_0 .net "D", 0 0, v00000000008d5a00_0;  alias, 1 drivers
v00000000008740a0_0 .var "Q", 0 0;
v00000000008732e0_0 .net "clk", 0 0, v000000000086bf40_0;  alias, 1 drivers
S_0000000000879060 .scope module, "FFT" "tff" 3 19, 7 1 0, S_000000000086bc20;
 .timescale -4 -4;
    .port_info 0 /INPUT 1 "clk";
    .port_info 1 /INPUT 1 "rstn";
    .port_info 2 /INPUT 1 "t";
    .port_info 3 /OUTPUT 1 "q";
v0000000000873740_0 .net "clk", 0 0, L_0000000000874400;  alias, 1 drivers
v0000000000873240_0 .var "q", 0 0;
v00000000008739c0_0 .net "rstn", 0 0, v0000000000873a60_0;  1 drivers
v0000000000873d80_0 .net "t", 0 0, v0000000000873600_0;  1 drivers
E_0000000000867ae0 .event posedge, v000000000087f5f0_0;
    .scope S_000000000086bdb0;
T_0 ;
    %fork t_1, S_000000000087f2d0;
    %jmp t_0;
    .scope S_000000000087f2d0;
t_1 ;
    %pushi/vec4 0, 0, 1;
    %assign/vec4 v000000000086bf40_0, 0;
    %delay 1, 0;
    %pushi/vec4 1, 0, 1;
    %assign/vec4 v000000000086bf40_0, 0;
    %delay 1, 0;
    %end;
    .scope S_000000000086bdb0;
t_0 %join;
    %jmp T_0;
    .thread T_0;
    .scope S_0000000000879060;
T_1 ;
    %pushi/vec4 0, 0, 1;
    %store/vec4 v0000000000873240_0, 0, 1;
    %end;
    .thread T_1;
    .scope S_0000000000879060;
T_2 ;
    %wait E_0000000000867ae0;
    %load/vec4 v0000000000873240_0;
    %pad/u 32;
    %cmpi/e 0, 0, 32;
    %jmp/0xz  T_2.0, 4;
    %pushi/vec4 1, 0, 1;
    %assign/vec4 v0000000000873240_0, 0;
    %jmp T_2.1;
T_2.0 ;
    %pushi/vec4 0, 0, 1;
    %assign/vec4 v0000000000873240_0, 0;
T_2.1 ;
    %jmp T_2;
    .thread T_2;
    .scope S_0000000000842f00;
T_3 ;
    %wait E_00000000008681e0;
    %load/vec4 v0000000000843090_0;
    %assign/vec4 v0000000000878fc0_0, 0;
    %jmp T_3;
    .thread T_3;
    .scope S_0000000000874200;
T_4 ;
    %wait E_00000000008681e0;
    %load/vec4 v0000000000873ec0_0;
    %assign/vec4 v00000000008740a0_0, 0;
    %jmp T_4;
    .thread T_4;
    .scope S_000000000087f460;
T_5 ;
    %wait E_00000000008683e0;
    %load/vec4 v0000000000842e60_0;
    %dup/vec4;
    %pushi/vec4 0, 0, 1;
    %cmp/u;
    %jmp/1 T_5.0, 6;
    %dup/vec4;
    %pushi/vec4 1, 0, 1;
    %cmp/u;
    %jmp/1 T_5.1, 6;
    %jmp T_5.2;
T_5.0 ;
    %load/vec4 v000000000087f5f0_0;
    %store/vec4 v0000000000842d20_0, 0, 1;
    %pushi/vec4 0, 0, 1;
    %store/vec4 v0000000000842dc0_0, 0, 1;
    %jmp T_5.2;
T_5.1 ;
    %pushi/vec4 0, 0, 1;
    %store/vec4 v0000000000842d20_0, 0, 1;
    %load/vec4 v000000000087f5f0_0;
    %store/vec4 v0000000000842dc0_0, 0, 1;
    %jmp T_5.2;
T_5.2 ;
    %pop/vec4 1;
    %jmp T_5;
    .thread T_5, $push;
    .scope S_000000000086bc20;
T_6 ;
    %pushi/vec4 0, 0, 1;
    %store/vec4 v0000000000873a60_0, 0, 1;
    %pushi/vec4 1, 0, 1;
    %store/vec4 v0000000000873600_0, 0, 1;
    %end;
    .thread T_6;
    .scope S_000000000086b840;
T_7 ;
    %pushi/vec4 1, 0, 1;
    %store/vec4 v0000000000873c40_0, 0, 1;
    %pushi/vec4 1, 0, 1;
    %store/vec4 v00000000008d5a00_0, 0, 1;
    %end;
    .thread T_7;
    .scope S_000000000086b840;
T_8 ;
    %vpi_call 2 7 "$display", "Control de bombas." {0 0 0};
    %delay 20000, 0;
    %vpi_call 2 8 "$display", "I=%d\011S=%d\011P1=%d\011P2=%d", v0000000000873c40_0, v00000000008d5a00_0, v0000000000873e20_0, v00000000008d5960_0 {0 0 0};
    %delay 20000, 0;
    %pushi/vec4 0, 0, 1;
    %store/vec4 v00000000008d5a00_0, 0, 1;
    %delay 20000, 0;
    %pushi/vec4 1, 0, 1;
    %store/vec4 v0000000000873c40_0, 0, 1;
    %delay 20000, 0;
    %vpi_call 2 11 "$display", "I=%d\011S=%d\011P1=%d\011P2=%d", v0000000000873c40_0, v00000000008d5a00_0, v0000000000873e20_0, v00000000008d5960_0 {0 0 0};
    %delay 20000, 0;
    %pushi/vec4 1, 0, 1;
    %store/vec4 v00000000008d5a00_0, 0, 1;
    %delay 20000, 0;
    %vpi_call 2 13 "$display", "I=%d\011S=%d\011P1=%d\011P2=%d", v0000000000873c40_0, v00000000008d5a00_0, v0000000000873e20_0, v00000000008d5960_0 {0 0 0};
    %delay 20000, 0;
    %pushi/vec4 0, 0, 1;
    %store/vec4 v00000000008d5a00_0, 0, 1;
    %delay 20000, 0;
    %vpi_call 2 15 "$display", "I=%d\011S=%d\011P1=%d\011P2=%d", v0000000000873c40_0, v00000000008d5a00_0, v0000000000873e20_0, v00000000008d5960_0 {0 0 0};
    %delay 20000, 0;
    %pushi/vec4 0, 0, 1;
    %store/vec4 v0000000000873c40_0, 0, 1;
    %delay 20000, 0;
    %vpi_call 2 17 "$display", "I=%d\011S=%d\011P1=%d\011P2=%d", v0000000000873c40_0, v00000000008d5a00_0, v0000000000873e20_0, v00000000008d5960_0 {0 0 0};
    %end;
    .thread T_8;
# The file index is used to find the file name in the following table.
:file_names 8;
    "N/A";
    "<interactive>";
    "Test.v";
    "Ej1.v";
    "clock.v";
    "demux.v";
    "RisingEdge_DFlipFlop.v";
    "FlipFlopT.v";
